<?xml version="1.0" encoding="UTF-8"?>
<!-- Generated by org.testng.reporters.JUnitReportReporter -->
<testsuite hostname="Ganesh" failures="0" tests="1" name="TestCase.allAnnotationTestCases" time="0.027" errors="0" timestamp="2022-08-22T13:57:04 IST" skipped="0">
  <testcase classname="TestCase.allAnnotationTestCases" name="test5" time="0.027"/>
</testsuite> <!-- TestCase.allAnnotationTestCases -->
