<?xml version="1.0" encoding="UTF-8"?>
<!-- Generated by org.testng.reporters.JUnitReportReporter -->
<testsuite hostname="Ganesh" failures="0" tests="1" name="TestCase.Holding_zerodha_pageTest" time="24.190" errors="0" timestamp="2022-08-22T13:54:05 IST" skipped="0">
  <testcase classname="TestCase.Holding_zerodha_pageTest" name="analyticsTest" time="24.190"/>
</testsuite> <!-- TestCase.Holding_zerodha_pageTest -->
